<?xml version="1.0" encoding="UTF-8"?>
<testng-results ignored="0" total="15" passed="15" failed="0" skipped="0">
  <reporter-output>
  </reporter-output>
  <suite started-at="2023-09-05T16:32:42 IST" name="Suite" finished-at="2023-09-05T16:32:42 IST" duration-ms="148">
    <groups>
    </groups>
    <test started-at="2023-09-05T16:32:42 IST" name="Test" finished-at="2023-09-05T16:32:42 IST" duration-ms="70">
      <class name="TestNg_Sequential.Seq2">
        <test-method signature="test2()[pri:2, instance:TestNg_Sequential.Seq2@54e1c68b]" started-at="2023-09-05T16:32:42 IST" name="test2" finished-at="2023-09-05T16:32:42 IST" duration-ms="1" status="PASS">
          <reporter-output>
          </reporter-output>
        </test-method> <!-- test2 -->
        <test-method signature="test2()[pri:2, instance:TestNg_Sequential.Seq2@54e1c68b]" started-at="2023-09-05T16:32:42 IST" name="test2" finished-at="2023-09-05T16:32:42 IST" duration-ms="1" status="PASS">
          <reporter-output>
          </reporter-output>
        </test-method> <!-- test2 -->
        <test-method signature="test1()[pri:3, instance:TestNg_Sequential.Seq2@54e1c68b]" started-at="2023-09-05T16:32:42 IST" name="test1" finished-at="2023-09-05T16:32:42 IST" duration-ms="1" status="PASS">
          <reporter-output>
          </reporter-output>
        </test-method> <!-- test1 -->
        <test-method signature="test1()[pri:3, instance:TestNg_Sequential.Seq2@54e1c68b]" started-at="2023-09-05T16:32:42 IST" name="test1" finished-at="2023-09-05T16:32:42 IST" duration-ms="1" status="PASS">
          <reporter-output>
          </reporter-output>
        </test-method> <!-- test1 -->
        <test-method signature="test1()[pri:3, instance:TestNg_Sequential.Seq2@54e1c68b]" started-at="2023-09-05T16:32:42 IST" name="test1" finished-at="2023-09-05T16:32:42 IST" duration-ms="2" status="PASS">
          <reporter-output>
          </reporter-output>
        </test-method> <!-- test1 -->
      </class> <!-- TestNg_Sequential.Seq2 -->
      <class name="TestNg_Sequential.Seq1">
        <test-method signature="run2()[pri:1, instance:TestNg_Sequential.Seq1@26e356f0]" started-at="2023-09-05T16:32:42 IST" name="run2" finished-at="2023-09-05T16:32:42 IST" duration-ms="8" status="PASS">
          <reporter-output>
          </reporter-output>
        </test-method> <!-- run2 -->
        <test-method signature="run2()[pri:1, instance:TestNg_Sequential.Seq1@26e356f0]" started-at="2023-09-05T16:32:42 IST" name="run2" finished-at="2023-09-05T16:32:42 IST" duration-ms="1" status="PASS">
          <reporter-output>
          </reporter-output>
        </test-method> <!-- run2 -->
        <test-method signature="run()[pri:2, instance:TestNg_Sequential.Seq1@26e356f0]" started-at="2023-09-05T16:32:42 IST" name="run" finished-at="2023-09-05T16:32:42 IST" duration-ms="1" status="PASS">
          <reporter-output>
          </reporter-output>
        </test-method> <!-- run -->
        <test-method signature="run()[pri:2, instance:TestNg_Sequential.Seq1@26e356f0]" started-at="2023-09-05T16:32:42 IST" name="run" finished-at="2023-09-05T16:32:42 IST" duration-ms="1" status="PASS">
          <reporter-output>
          </reporter-output>
        </test-method> <!-- run -->
        <test-method signature="run()[pri:2, instance:TestNg_Sequential.Seq1@26e356f0]" started-at="2023-09-05T16:32:42 IST" name="run" finished-at="2023-09-05T16:32:42 IST" duration-ms="2" status="PASS">
          <reporter-output>
          </reporter-output>
        </test-method> <!-- run -->
      </class> <!-- TestNg_Sequential.Seq1 -->
    </test> <!-- Test -->
    <test started-at="2023-09-05T16:32:42 IST" name="Test2" finished-at="2023-09-05T16:32:42 IST" duration-ms="14">
      <class name="TestNg_Sequential.Seq2">
        <test-method signature="test2()[pri:2, instance:TestNg_Sequential.Seq2@6e9175d8]" started-at="2023-09-05T16:32:42 IST" name="test2" finished-at="2023-09-05T16:32:42 IST" duration-ms="1" status="PASS">
          <reporter-output>
          </reporter-output>
        </test-method> <!-- test2 -->
        <test-method signature="test2()[pri:2, instance:TestNg_Sequential.Seq2@6e9175d8]" started-at="2023-09-05T16:32:42 IST" name="test2" finished-at="2023-09-05T16:32:42 IST" duration-ms="1" status="PASS">
          <reporter-output>
          </reporter-output>
        </test-method> <!-- test2 -->
        <test-method signature="test1()[pri:3, instance:TestNg_Sequential.Seq2@6e9175d8]" started-at="2023-09-05T16:32:42 IST" name="test1" finished-at="2023-09-05T16:32:42 IST" duration-ms="1" status="PASS">
          <reporter-output>
          </reporter-output>
        </test-method> <!-- test1 -->
        <test-method signature="test1()[pri:3, instance:TestNg_Sequential.Seq2@6e9175d8]" started-at="2023-09-05T16:32:42 IST" name="test1" finished-at="2023-09-05T16:32:42 IST" duration-ms="2" status="PASS">
          <reporter-output>
          </reporter-output>
        </test-method> <!-- test1 -->
        <test-method signature="test1()[pri:3, instance:TestNg_Sequential.Seq2@6e9175d8]" started-at="2023-09-05T16:32:42 IST" name="test1" finished-at="2023-09-05T16:32:42 IST" duration-ms="2" status="PASS">
          <reporter-output>
          </reporter-output>
        </test-method> <!-- test1 -->
      </class> <!-- TestNg_Sequential.Seq2 -->
    </test> <!-- Test2 -->
  </suite> <!-- Suite -->
</testng-results>
