<?xml version="1.0" encoding="UTF-8"?>
<!-- Generated by org.testng.reporters.JUnitXMLReporter -->
<testsuite ignored="0" hostname="LAPTOP-PPUC8LJE" failures="0" tests="10" name="Test" time="0.07" errors="0" timestamp="2023-09-05T16:32:42 IST">
  <testcase classname="TestNg_Sequential.Seq1" name="run2" time="0.008"/>
  <testcase classname="TestNg_Sequential.Seq1" name="run2" time="0.001"/>
  <testcase classname="TestNg_Sequential.Seq1" name="run" time="0.001"/>
  <testcase classname="TestNg_Sequential.Seq1" name="run" time="0.001"/>
  <testcase classname="TestNg_Sequential.Seq1" name="run" time="0.002"/>
  <testcase classname="TestNg_Sequential.Seq2" name="test2" time="0.001"/>
  <testcase classname="TestNg_Sequential.Seq2" name="test2" time="0.001"/>
  <testcase classname="TestNg_Sequential.Seq2" name="test1" time="0.001"/>
  <testcase classname="TestNg_Sequential.Seq2" name="test1" time="0.001"/>
  <testcase classname="TestNg_Sequential.Seq2" name="test1" time="0.002"/>
</testsuite> <!-- Test -->
